<?xml version="1.0" encoding="UTF-8"?>
<testng-results ignored="0" total="1" passed="1" failed="0" skipped="0">
  <reporter-output>
  </reporter-output>
  <suite started-at="2023-08-12T13:35:28 IST" name="Default suite" finished-at="2023-08-12T13:35:37 IST" duration-ms="8587">
    <groups>
    </groups>
    <test started-at="2023-08-12T13:35:28 IST" name="Default test" finished-at="2023-08-12T13:35:37 IST" duration-ms="8587">
      <class name="testPackage.TestclassTNG">
        <test-method is-config="true" signature="beforetest()[pri:0, instance:testPackage.TestclassTNG@36ebc363]" started-at="2023-08-12T13:35:28 IST" name="beforetest" finished-at="2023-08-12T13:35:36 IST" duration-ms="7450" status="PASS">
          <reporter-output>
          </reporter-output>
        </test-method> <!-- beforetest -->
        <test-method signature="test()[pri:0, instance:testPackage.TestclassTNG@36ebc363]" started-at="2023-08-12T13:35:36 IST" name="test" finished-at="2023-08-12T13:35:36 IST" duration-ms="429" status="PASS">
          <reporter-output>
          </reporter-output>
        </test-method> <!-- test -->
        <test-method is-config="true" signature="aftertest()[pri:0, instance:testPackage.TestclassTNG@36ebc363]" started-at="2023-08-12T13:35:36 IST" name="aftertest" finished-at="2023-08-12T13:35:37 IST" duration-ms="647" status="PASS">
          <reporter-output>
          </reporter-output>
        </test-method> <!-- aftertest -->
      </class> <!-- testPackage.TestclassTNG -->
    </test> <!-- Default test -->
  </suite> <!-- Default suite -->
</testng-results>
